Base path: C:/Program Files/Unity/Editor/Data
Cmd: getPlatforms
Cmd: preprocess
  insize=988 outsize=1269 ok=1
Cmd: compileSnippet
  api=4 type=0 insize=7380 outsize=1721 kw=DIRECTIONAL SHADOWS_OFF LIGHTMAP_OFF DIRLIGHTMAP_OFF DYNAMICLIGHTMAP_OFF pd=UNITY_ENABLE_REFLECTION_BUFFERS UNITY_PBS_USE_BRDF1 UNITY_SPECCUBE_BOX_PROJECTION UNITY_SPECCUBE_BLENDING ok=1
Cmd: compileSnippet
  api=4 type=1 insize=7380 outsize=5369 kw=DIRECTIONAL SHADOWS_OFF LIGHTMAP_OFF DIRLIGHTMAP_OFF DYNAMICLIGHTMAP_OFF pd=UNITY_ENABLE_REFLECTION_BUFFERS UNITY_PBS_USE_BRDF1 UNITY_SPECCUBE_BOX_PROJECTION UNITY_SPECCUBE_BLENDING ok=1
Cmd: compileSnippet
  api=4 type=0 insize=4284 outsize=1349 kw=POINT SHADOWS_OFF pd=UNITY_ENABLE_REFLECTION_BUFFERS UNITY_PBS_USE_BRDF1 UNITY_SPECCUBE_BOX_PROJECTION UNITY_SPECCUBE_BLENDING ok=1
Cmd: compileSnippet
  api=4 type=1 insize=4284 outsize=3209 kw=POINT SHADOWS_OFF pd=UNITY_ENABLE_REFLECTION_BUFFERS UNITY_PBS_USE_BRDF1 UNITY_SPECCUBE_BOX_PROJECTION UNITY_SPECCUBE_BLENDING ok=1
Cmd: compileSnippet
  api=4 type=0 insize=6504 outsize=1721 kw=LIGHTMAP_OFF DIRLIGHTMAP_OFF DYNAMICLIGHTMAP_OFF HDR_LIGHT_PREPASS_OFF pd=UNITY_ENABLE_REFLECTION_BUFFERS UNITY_PBS_USE_BRDF1 UNITY_SPECCUBE_BOX_PROJECTION UNITY_SPECCUBE_BLENDING ok=1
Cmd: compileSnippet
  api=4 type=1 insize=6504 outsize=1437 kw=LIGHTMAP_OFF DIRLIGHTMAP_OFF DYNAMICLIGHTMAP_OFF HDR_LIGHT_PREPASS_OFF pd=UNITY_ENABLE_REFLECTION_BUFFERS UNITY_PBS_USE_BRDF1 UNITY_SPECCUBE_BOX_PROJECTION UNITY_SPECCUBE_BLENDING ok=1
Cmd: compileSnippet
  api=4 type=0 insize=3586 outsize=1217 kw= pd=UNITY_ENABLE_REFLECTION_BUFFERS UNITY_PBS_USE_BRDF1 UNITY_SPECCUBE_BOX_PROJECTION UNITY_SPECCUBE_BLENDING ok=1
Cmd: compileSnippet
  api=4 type=1 insize=3586 outsize=641 kw= pd=UNITY_ENABLE_REFLECTION_BUFFERS UNITY_PBS_USE_BRDF1 UNITY_SPECCUBE_BOX_PROJECTION UNITY_SPECCUBE_BLENDING ok=1
Cmd: preprocess
  insize=988 outsize=22140 ok=1
Cmd: compileSnippet
  api=1 type=0 insize=7380 outsize=892 kw=DIRECTIONAL SHADOWS_OFF LIGHTMAP_OFF DIRLIGHTMAP_OFF DYNAMICLIGHTMAP_OFF pd=UNITY_ENABLE_REFLECTION_BUFFERS UNITY_PBS_USE_BRDF1 UNITY_SPECCUBE_BOX_PROJECTION UNITY_SPECCUBE_BLENDING ok=1
Cmd: disassembleShader
  api=10 insize=892 outsize=1486 ok=1
Cmd: compileSnippet
  api=4 type=0 insize=7380 outsize=1913 kw=DIRECTIONAL SHADOWS_SCREEN LIGHTMAP_OFF DIRLIGHTMAP_OFF DYNAMICLIGHTMAP_OFF pd=UNITY_ENABLE_REFLECTION_BUFFERS UNITY_PBS_USE_BRDF1 UNITY_SPECCUBE_BOX_PROJECTION UNITY_SPECCUBE_BLENDING ok=1
Cmd: disassembleShader
  api=15 insize=1913 outsize=3365 ok=1
Cmd: compileSnippet
  api=4 type=0 insize=7380 outsize=2641 kw=DIRECTIONAL SHADOWS_OFF LIGHTMAP_OFF DIRLIGHTMAP_OFF DYNAMICLIGHTMAP_OFF VERTEXLIGHT_ON pd=UNITY_ENABLE_REFLECTION_BUFFERS UNITY_PBS_USE_BRDF1 UNITY_SPECCUBE_BOX_PROJECTION UNITY_SPECCUBE_BLENDING ok=1
Cmd: disassembleShader
  api=15 insize=2641 outsize=4282 ok=1
Cmd: compileSnippet
  api=4 type=0 insize=7380 outsize=2833 kw=DIRECTIONAL SHADOWS_SCREEN LIGHTMAP_OFF DIRLIGHTMAP_OFF DYNAMICLIGHTMAP_OFF VERTEXLIGHT_ON pd=UNITY_ENABLE_REFLECTION_BUFFERS UNITY_PBS_USE_BRDF1 UNITY_SPECCUBE_BOX_PROJECTION UNITY_SPECCUBE_BLENDING ok=1
Cmd: disassembleShader
  api=15 insize=2833 outsize=4613 ok=1
Cmd: compileSnippet
  api=1 type=1 insize=7380 outsize=3812 kw=DIRECTIONAL SHADOWS_OFF LIGHTMAP_OFF DIRLIGHTMAP_OFF DYNAMICLIGHTMAP_OFF pd=UNITY_ENABLE_REFLECTION_BUFFERS UNITY_PBS_USE_BRDF1 UNITY_SPECCUBE_BOX_PROJECTION UNITY_SPECCUBE_BLENDING ok=1
Cmd: disassembleShader
  api=12 insize=3812 outsize=6946 ok=1
Cmd: compileSnippet
  api=4 type=1 insize=7380 outsize=5521 kw=DIRECTIONAL SHADOWS_SCREEN LIGHTMAP_OFF DIRLIGHTMAP_OFF DYNAMICLIGHTMAP_OFF pd=UNITY_ENABLE_REFLECTION_BUFFERS UNITY_PBS_USE_BRDF1 UNITY_SPECCUBE_BOX_PROJECTION UNITY_SPECCUBE_BLENDING ok=1
Cmd: disassembleShader
  api=17 insize=5521 outsize=7782 ok=1
Cmd: compileSnippet
  api=1 type=0 insize=4284 outsize=592 kw=POINT SHADOWS_OFF pd=UNITY_ENABLE_REFLECTION_BUFFERS UNITY_PBS_USE_BRDF1 UNITY_SPECCUBE_BOX_PROJECTION UNITY_SPECCUBE_BLENDING ok=1
Cmd: disassembleShader
  api=10 insize=592 outsize=1008 ok=1
Cmd: compileSnippet
  api=4 type=0 insize=4284 outsize=1349 kw=DIRECTIONAL SHADOWS_OFF pd=UNITY_ENABLE_REFLECTION_BUFFERS UNITY_PBS_USE_BRDF1 UNITY_SPECCUBE_BOX_PROJECTION UNITY_SPECCUBE_BLENDING ok=1
Cmd: disassembleShader
  api=15 insize=1349 outsize=2478 ok=1
Cmd: compileSnippet
  api=1 type=0 insize=4284 outsize=592 kw=POINT_COOKIE SHADOWS_OFF pd=UNITY_ENABLE_REFLECTION_BUFFERS UNITY_PBS_USE_BRDF1 UNITY_SPECCUBE_BOX_PROJECTION UNITY_SPECCUBE_BLENDING ok=1
Cmd: disassembleShader
  api=10 insize=592 outsize=1008 ok=1
Cmd: compileSnippet
  api=4 type=0 insize=4284 outsize=1349 kw=POINT_COOKIE SHADOWS_OFF pd=UNITY_ENABLE_REFLECTION_BUFFERS UNITY_PBS_USE_BRDF1 UNITY_SPECCUBE_BOX_PROJECTION UNITY_SPECCUBE_BLENDING ok=1
Cmd: disassembleShader
  api=15 insize=1349 outsize=2478 ok=1
Cmd: compileSnippet
  api=1 type=0 insize=4284 outsize=752 kw=SPOT SHADOWS_DEPTH SHADOWS_NATIVE pd=UNITY_ENABLE_REFLECTION_BUFFERS UNITY_PBS_USE_BRDF1 UNITY_SPECCUBE_BOX_PROJECTION UNITY_SPECCUBE_BLENDING ok=1
Cmd: disassembleShader
  api=10 insize=752 outsize=1240 ok=1
Cmd: compileSnippet
  api=4 type=0 insize=4284 outsize=1705 kw=SPOT SHADOWS_DEPTH SHADOWS_NATIVE pd=UNITY_ENABLE_REFLECTION_BUFFERS UNITY_PBS_USE_BRDF1 UNITY_SPECCUBE_BOX_PROJECTION UNITY_SPECCUBE_BLENDING ok=1
Cmd: disassembleShader
  api=15 insize=1705 outsize=3004 ok=1
Cmd: compileSnippet
  api=1 type=0 insize=4284 outsize=792 kw=DIRECTIONAL_COOKIE SHADOWS_SCREEN pd=UNITY_ENABLE_REFLECTION_BUFFERS UNITY_PBS_USE_BRDF1 UNITY_SPECCUBE_BOX_PROJECTION UNITY_SPECCUBE_BLENDING ok=1
Cmd: disassembleShader
  api=10 insize=792 outsize=1337 ok=1
Cmd: compileSnippet
  api=1 type=0 insize=4284 outsize=672 kw=POINT SHADOWS_CUBE pd=UNITY_ENABLE_REFLECTION_BUFFERS UNITY_PBS_USE_BRDF1 UNITY_SPECCUBE_BOX_PROJECTION UNITY_SPECCUBE_BLENDING ok=1
Cmd: disassembleShader
  api=10 insize=672 outsize=1152 ok=1
Cmd: compileSnippet
  api=4 type=0 insize=4284 outsize=1457 kw=POINT SHADOWS_CUBE pd=UNITY_ENABLE_REFLECTION_BUFFERS UNITY_PBS_USE_BRDF1 UNITY_SPECCUBE_BOX_PROJECTION UNITY_SPECCUBE_BLENDING ok=1
Cmd: disassembleShader
  api=15 insize=1457 outsize=2688 ok=1
Cmd: compileSnippet
  api=1 type=0 insize=4284 outsize=752 kw=SPOT SHADOWS_DEPTH SHADOWS_SOFT SHADOWS_NATIVE pd=UNITY_ENABLE_REFLECTION_BUFFERS UNITY_PBS_USE_BRDF1 UNITY_SPECCUBE_BOX_PROJECTION UNITY_SPECCUBE_BLENDING ok=1
Cmd: disassembleShader
  api=10 insize=752 outsize=1240 ok=1
Cmd: compileSnippet
  api=4 type=0 insize=4284 outsize=1705 kw=SPOT SHADOWS_DEPTH SHADOWS_SOFT SHADOWS_NATIVE pd=UNITY_ENABLE_REFLECTION_BUFFERS UNITY_PBS_USE_BRDF1 UNITY_SPECCUBE_BOX_PROJECTION UNITY_SPECCUBE_BLENDING ok=1
Cmd: disassembleShader
  api=15 insize=1705 outsize=3004 ok=1
Cmd: compileSnippet
  api=1 type=0 insize=4284 outsize=672 kw=POINT_COOKIE SHADOWS_CUBE SHADOWS_SOFT pd=UNITY_ENABLE_REFLECTION_BUFFERS UNITY_PBS_USE_BRDF1 UNITY_SPECCUBE_BOX_PROJECTION UNITY_SPECCUBE_BLENDING ok=1
Cmd: disassembleShader
  api=10 insize=672 outsize=1152 ok=1
Cmd: compileSnippet
  api=1 type=1 insize=4284 outsize=2288 kw=POINT SHADOWS_OFF pd=UNITY_ENABLE_REFLECTION_BUFFERS UNITY_PBS_USE_BRDF1 UNITY_SPECCUBE_BOX_PROJECTION UNITY_SPECCUBE_BLENDING ok=1
Cmd: disassembleShader
  api=12 insize=2288 outsize=3988 ok=1
Cmd: compileSnippet
  api=1 type=1 insize=4284 outsize=2452 kw=SPOT SHADOWS_OFF pd=UNITY_ENABLE_REFLECTION_BUFFERS UNITY_PBS_USE_BRDF1 UNITY_SPECCUBE_BOX_PROJECTION UNITY_SPECCUBE_BLENDING ok=1
Cmd: disassembleShader
  api=12 insize=2452 outsize=4251 ok=1
Cmd: compileSnippet
  api=1 type=1 insize=4284 outsize=2384 kw=POINT_COOKIE SHADOWS_OFF pd=UNITY_ENABLE_REFLECTION_BUFFERS UNITY_PBS_USE_BRDF1 UNITY_SPECCUBE_BOX_PROJECTION UNITY_SPECCUBE_BLENDING ok=1
Cmd: disassembleShader
  api=12 insize=2384 outsize=4131 ok=1
Cmd: compileSnippet
  api=1 type=1 insize=4284 outsize=2208 kw=DIRECTIONAL_COOKIE SHADOWS_OFF pd=UNITY_ENABLE_REFLECTION_BUFFERS UNITY_PBS_USE_BRDF1 UNITY_SPECCUBE_BOX_PROJECTION UNITY_SPECCUBE_BLENDING ok=1
Cmd: disassembleShader
  api=12 insize=2208 outsize=3911 ok=1
Cmd: compileSnippet
  api=1 type=1 insize=4284 outsize=2620 kw=SPOT SHADOWS_DEPTH SHADOWS_NATIVE pd=UNITY_ENABLE_REFLECTION_BUFFERS UNITY_PBS_USE_BRDF1 UNITY_SPECCUBE_BOX_PROJECTION UNITY_SPECCUBE_BLENDING ok=1
Cmd: disassembleShader
  api=12 insize=2620 outsize=4564 ok=1
Cmd: compileSnippet
  api=1 type=1 insize=4284 outsize=2104 kw=DIRECTIONAL SHADOWS_SCREEN pd=UNITY_ENABLE_REFLECTION_BUFFERS UNITY_PBS_USE_BRDF1 UNITY_SPECCUBE_BOX_PROJECTION UNITY_SPECCUBE_BLENDING ok=1
Cmd: disassembleShader
  api=12 insize=2104 outsize=3718 ok=1
Cmd: compileSnippet
  api=1 type=1 insize=4284 outsize=2304 kw=DIRECTIONAL_COOKIE SHADOWS_SCREEN pd=UNITY_ENABLE_REFLECTION_BUFFERS UNITY_PBS_USE_BRDF1 UNITY_SPECCUBE_BOX_PROJECTION UNITY_SPECCUBE_BLENDING ok=1
Cmd: disassembleShader
  api=12 insize=2304 outsize=4052 ok=1
Cmd: compileSnippet
  api=1 type=1 insize=4284 outsize=2568 kw=POINT SHADOWS_CUBE pd=UNITY_ENABLE_REFLECTION_BUFFERS UNITY_PBS_USE_BRDF1 UNITY_SPECCUBE_BOX_PROJECTION UNITY_SPECCUBE_BLENDING ok=1
Cmd: disassembleShader
  api=12 insize=2568 outsize=4531 ok=1
Cmd: compileSnippet
  api=4 type=1 insize=4284 outsize=3621 kw=POINT_COOKIE SHADOWS_CUBE pd=UNITY_ENABLE_REFLECTION_BUFFERS UNITY_PBS_USE_BRDF1 UNITY_SPECCUBE_BOX_PROJECTION UNITY_SPECCUBE_BLENDING ok=1
Cmd: disassembleShader
  api=17 insize=3621 outsize=5126 ok=1
Cmd: compileSnippet
  api=4 type=1 insize=4284 outsize=4001 kw=SPOT SHADOWS_DEPTH SHADOWS_SOFT SHADOWS_NATIVE pd=UNITY_ENABLE_REFLECTION_BUFFERS UNITY_PBS_USE_BRDF1 UNITY_SPECCUBE_BOX_PROJECTION UNITY_SPECCUBE_BLENDING ok=1
Cmd: disassembleShader
  api=17 insize=4001 outsize=5649 ok=1
Cmd: compileSnippet
  api=1 type=1 insize=4284 outsize=2756 kw=POINT SHADOWS_CUBE SHADOWS_SOFT pd=UNITY_ENABLE_REFLECTION_BUFFERS UNITY_PBS_USE_BRDF1 UNITY_SPECCUBE_BOX_PROJECTION UNITY_SPECCUBE_BLENDING ok=1
Cmd: disassembleShader
  api=12 insize=2756 outsize=4867 ok=1
Cmd: compileSnippet
  api=1 type=1 insize=4284 outsize=2852 kw=POINT_COOKIE SHADOWS_CUBE SHADOWS_SOFT pd=UNITY_ENABLE_REFLECTION_BUFFERS UNITY_PBS_USE_BRDF1 UNITY_SPECCUBE_BOX_PROJECTION UNITY_SPECCUBE_BLENDING ok=1
Cmd: disassembleShader
  api=12 insize=2852 outsize=5010 ok=1
Cmd: compileSnippet
  api=1 type=0 insize=6504 outsize=892 kw=LIGHTMAP_OFF DIRLIGHTMAP_OFF DYNAMICLIGHTMAP_OFF HDR_LIGHT_PREPASS_OFF pd=UNITY_ENABLE_REFLECTION_BUFFERS UNITY_PBS_USE_BRDF1 UNITY_SPECCUBE_BOX_PROJECTION UNITY_SPECCUBE_BLENDING ok=1
Cmd: disassembleShader
  api=10 insize=892 outsize=1486 ok=1
Cmd: compileSnippet
  api=4 type=0 insize=6504 outsize=1721 kw=LIGHTMAP_OFF DIRLIGHTMAP_OFF DYNAMICLIGHTMAP_OFF UNITY_HDR_ON pd=UNITY_ENABLE_REFLECTION_BUFFERS UNITY_PBS_USE_BRDF1 UNITY_SPECCUBE_BOX_PROJECTION UNITY_SPECCUBE_BLENDING ok=1
Cmd: disassembleShader
  api=15 insize=1721 outsize=3034 ok=1
Cmd: compileSnippet
  api=1 type=1 insize=6504 outsize=1056 kw=LIGHTMAP_OFF DIRLIGHTMAP_OFF DYNAMICLIGHTMAP_OFF HDR_LIGHT_PREPASS_OFF pd=UNITY_ENABLE_REFLECTION_BUFFERS UNITY_PBS_USE_BRDF1 UNITY_SPECCUBE_BOX_PROJECTION UNITY_SPECCUBE_BLENDING ok=1
Cmd: disassembleShader
  api=12 insize=1056 outsize=1996 ok=1
Cmd: compileSnippet
  api=4 type=1 insize=6504 outsize=1413 kw=LIGHTMAP_OFF DIRLIGHTMAP_OFF DYNAMICLIGHTMAP_OFF UNITY_HDR_ON pd=UNITY_ENABLE_REFLECTION_BUFFERS UNITY_PBS_USE_BRDF1 UNITY_SPECCUBE_BOX_PROJECTION UNITY_SPECCUBE_BLENDING ok=1
Cmd: disassembleShader
  api=17 insize=1413 outsize=2785 ok=1
Cmd: preprocess
  insize=988 outsize=22140 ok=1
Cmd: disassembleShader
  api=10 insize=892 outsize=1486 ok=1
Cmd: disassembleShader
  api=12 insize=3812 outsize=6946 ok=1
Cmd: disassembleShader
  api=12 insize=3936 outsize=7165 ok=1
Cmd: disassembleShader
  api=10 insize=592 outsize=1008 ok=1
Cmd: disassembleShader
  api=10 insize=592 outsize=1008 ok=1
Cmd: disassembleShader
  api=10 insize=592 outsize=1008 ok=1
Cmd: disassembleShader
  api=15 insize=1705 outsize=3004 ok=1
Cmd: disassembleShader
  api=10 insize=792 outsize=1337 ok=1
Cmd: disassembleShader
  api=15 insize=1457 outsize=2688 ok=1
Cmd: disassembleShader
  api=10 insize=752 outsize=1240 ok=1
Cmd: disassembleShader
  api=15 insize=1457 outsize=2688 ok=1
Cmd: disassembleShader
  api=15 insize=1457 outsize=2688 ok=1
Cmd: disassembleShader
  api=12 insize=2288 outsize=3988 ok=1
Cmd: disassembleShader
  api=12 insize=2012 outsize=3580 ok=1
Cmd: disassembleShader
  api=12 insize=2452 outsize=4251 ok=1
Cmd: disassembleShader
  api=12 insize=2384 outsize=4131 ok=1
Cmd: disassembleShader
  api=12 insize=2208 outsize=3911 ok=1
Cmd: disassembleShader
  api=17 insize=3109 outsize=4329 ok=1
Cmd: disassembleShader
  api=12 insize=2104 outsize=3718 ok=1
Cmd: disassembleShader
  api=17 insize=3029 outsize=4289 ok=1
Cmd: disassembleShader
  api=17 insize=3265 outsize=4629 ok=1
Cmd: disassembleShader
  api=17 insize=3529 outsize=4961 ok=1
Cmd: disassembleShader
  api=12 insize=2848 outsize=4901 ok=1
Cmd: disassembleShader
  api=17 insize=4001 outsize=5649 ok=1
Cmd: disassembleShader
  api=12 insize=2852 outsize=5010 ok=1
Cmd: disassembleShader
  api=17 insize=3993 outsize=5712 ok=1
Cmd: disassembleShader
  api=10 insize=892 outsize=1486 ok=1
Cmd: disassembleShader
  api=12 insize=1056 outsize=1996 ok=1
Cmd: disassembleShader
  api=12 insize=1020 outsize=1925 ok=1
Cmd: disassembleShader
  api=10 insize=892 outsize=1486 ok=1
Cmd: disassembleShader
  api=12 insize=3812 outsize=6946 ok=1
Cmd: disassembleShader
  api=12 insize=3936 outsize=7165 ok=1
Cmd: disassembleShader
  api=10 insize=592 outsize=1008 ok=1
Cmd: disassembleShader
  api=10 insize=592 outsize=1008 ok=1
Cmd: disassembleShader
  api=10 insize=592 outsize=1008 ok=1
Cmd: disassembleShader
  api=15 insize=1705 outsize=3004 ok=1
Cmd: disassembleShader
  api=15 insize=1541 outsize=2809 ok=1
Cmd: disassembleShader
  api=10 insize=672 outsize=1152 ok=1
Cmd: disassembleShader
  api=15 insize=1457 outsize=2688 ok=1
Cmd: disassembleShader
  api=10 insize=672 outsize=1152 ok=1
Cmd: disassembleShader
  api=15 insize=1457 outsize=2688 ok=1
Cmd: disassembleShader
  api=12 insize=2288 outsize=3988 ok=1
Cmd: disassembleShader
  api=12 insize=2012 outsize=3580 ok=1
Cmd: disassembleShader
  api=12 insize=2452 outsize=4251 ok=1
Cmd: disassembleShader
  api=12 insize=2384 outsize=4131 ok=1
Cmd: disassembleShader
  api=12 insize=2208 outsize=3911 ok=1
Cmd: disassembleShader
  api=12 insize=2620 outsize=4564 ok=1
Cmd: disassembleShader
  api=17 insize=3709 outsize=5257 ok=1
Cmd: disassembleShader
  api=12 insize=2304 outsize=4052 ok=1
Cmd: disassembleShader
  api=12 insize=2568 outsize=4531 ok=1
Cmd: disassembleShader
  api=12 insize=2664 outsize=4674 ok=1
Cmd: disassembleShader
  api=12 insize=2848 outsize=4901 ok=1
Cmd: disassembleShader
  api=17 insize=4001 outsize=5649 ok=1
Cmd: disassembleShader
  api=12 insize=2852 outsize=5010 ok=1
Cmd: disassembleShader
  api=17 insize=3993 outsize=5712 ok=1
Cmd: disassembleShader
  api=10 insize=892 outsize=1486 ok=1
Cmd: disassembleShader
  api=12 insize=1056 outsize=1996 ok=1
Cmd: disassembleShader
  api=12 insize=1020 outsize=1925 ok=1
Cmd: preprocess
  insize=2816 outsize=1894 ok=1
Cmd: compileSnippet
  api=4 type=0 insize=8611 outsize=2337 kw=DIRECTIONAL LIGHTMAP_OFF DIRLIGHTMAP_OFF DYNAMICLIGHTMAP_OFF pd=UNITY_ENABLE_REFLECTION_BUFFERS UNITY_PBS_USE_BRDF1 UNITY_SPECCUBE_BOX_PROJECTION UNITY_SPECCUBE_BLENDING ok=1
Cmd: compileSnippet
  api=4 type=1 insize=8611 outsize=1113 kw=DIRECTIONAL LIGHTMAP_OFF DIRLIGHTMAP_OFF DYNAMICLIGHTMAP_OFF pd=UNITY_ENABLE_REFLECTION_BUFFERS UNITY_PBS_USE_BRDF1 UNITY_SPECCUBE_BOX_PROJECTION UNITY_SPECCUBE_BLENDING ok=1
Cmd: compileSnippet
  api=4 type=0 insize=5207 outsize=1349 kw=POINT pd=UNITY_ENABLE_REFLECTION_BUFFERS UNITY_PBS_USE_BRDF1 UNITY_SPECCUBE_BOX_PROJECTION UNITY_SPECCUBE_BLENDING ok=1
Cmd: compileSnippet
  api=4 type=1 insize=5207 outsize=965 kw=POINT pd=UNITY_ENABLE_REFLECTION_BUFFERS UNITY_PBS_USE_BRDF1 UNITY_SPECCUBE_BOX_PROJECTION UNITY_SPECCUBE_BLENDING ok=1
Cmd: compileSnippet
  api=4 type=0 insize=5084 outsize=1917 kw= pd=UNITY_ENABLE_REFLECTION_BUFFERS UNITY_PBS_USE_BRDF1 UNITY_SPECCUBE_BOX_PROJECTION UNITY_SPECCUBE_BLENDING ok=1
Cmd: compileSnippet
  api=4 type=1 insize=5084 outsize=1509 kw= pd=UNITY_ENABLE_REFLECTION_BUFFERS UNITY_PBS_USE_BRDF1 UNITY_SPECCUBE_BOX_PROJECTION UNITY_SPECCUBE_BLENDING ok=1
Cmd: preprocess
  insize=2816 outsize=20183 ok=1
Cmd: compileSnippet
  api=1 type=0 insize=8611 outsize=1392 kw=DIRECTIONAL LIGHTMAP_OFF DIRLIGHTMAP_OFF DYNAMICLIGHTMAP_OFF pd=UNITY_ENABLE_REFLECTION_BUFFERS UNITY_PBS_USE_BRDF1 UNITY_SPECCUBE_BOX_PROJECTION UNITY_SPECCUBE_BLENDING ok=1
Cmd: disassembleShader
  api=9 insize=1392 outsize=2383 ok=1
Cmd: compileSnippet
  api=1 type=0 insize=8611 outsize=2028 kw=DIRECTIONAL LIGHTMAP_OFF DIRLIGHTMAP_OFF DYNAMICLIGHTMAP_OFF VERTEXLIGHT_ON pd=UNITY_ENABLE_REFLECTION_BUFFERS UNITY_PBS_USE_BRDF1 UNITY_SPECCUBE_BOX_PROJECTION UNITY_SPECCUBE_BLENDING ok=1
Cmd: disassembleShader
  api=9 insize=2028 outsize=3353 ok=1
Cmd: compileSnippet
  api=8 type=0 insize=8611 outsize=4385 kw=DIRECTIONAL LIGHTMAP_OFF DIRLIGHTMAP_OFF DYNAMICLIGHTMAP_OFF VERTEXLIGHT_ON pd=UNITY_NO_LINEAR_COLORSPACE UNITY_ENABLE_REFLECTION_BUFFERS UNITY_PBS_USE_BRDF3 ok=1
Cmd: disassembleShader
  api=13 insize=4385 outsize=8093 ok=1
Cmd: compileSnippet
  api=1 type=1 insize=8611 outsize=924 kw=DIRECTIONAL LIGHTMAP_OFF DIRLIGHTMAP_OFF DYNAMICLIGHTMAP_OFF pd=UNITY_ENABLE_REFLECTION_BUFFERS UNITY_PBS_USE_BRDF1 UNITY_SPECCUBE_BOX_PROJECTION UNITY_SPECCUBE_BLENDING ok=1
Cmd: disassembleShader
  api=11 insize=924 outsize=1497 ok=1
Cmd: compileSnippet
  api=1 type=0 insize=5207 outsize=544 kw=POINT pd=UNITY_ENABLE_REFLECTION_BUFFERS UNITY_PBS_USE_BRDF1 UNITY_SPECCUBE_BOX_PROJECTION UNITY_SPECCUBE_BLENDING ok=1
Cmd: disassembleShader
  api=9 insize=544 outsize=928 ok=1
Cmd: compileSnippet
  api=1 type=0 insize=5207 outsize=544 kw=DIRECTIONAL pd=UNITY_ENABLE_REFLECTION_BUFFERS UNITY_PBS_USE_BRDF1 UNITY_SPECCUBE_BOX_PROJECTION UNITY_SPECCUBE_BLENDING ok=1
Cmd: disassembleShader
  api=9 insize=544 outsize=928 ok=1
Cmd: compileSnippet
  api=8 type=0 insize=5207 outsize=1905 kw=DIRECTIONAL pd=UNITY_NO_LINEAR_COLORSPACE UNITY_ENABLE_REFLECTION_BUFFERS UNITY_PBS_USE_BRDF3 ok=1
Cmd: disassembleShader
  api=13 insize=1905 outsize=4063 ok=1
Cmd: compileSnippet
  api=4 type=0 insize=5207 outsize=1349 kw=SPOT pd=UNITY_ENABLE_REFLECTION_BUFFERS UNITY_PBS_USE_BRDF1 UNITY_SPECCUBE_BOX_PROJECTION UNITY_SPECCUBE_BLENDING ok=1
Cmd: disassembleShader
  api=15 insize=1349 outsize=2478 ok=1
Cmd: compileSnippet
  api=1 type=0 insize=5207 outsize=544 kw=POINT_COOKIE pd=UNITY_ENABLE_REFLECTION_BUFFERS UNITY_PBS_USE_BRDF1 UNITY_SPECCUBE_BOX_PROJECTION UNITY_SPECCUBE_BLENDING ok=1
Cmd: disassembleShader
  api=9 insize=544 outsize=928 ok=1
Cmd: compileSnippet
  api=8 type=0 insize=5207 outsize=1905 kw=POINT_COOKIE pd=UNITY_NO_LINEAR_COLORSPACE UNITY_ENABLE_REFLECTION_BUFFERS UNITY_PBS_USE_BRDF3 ok=1
Cmd: disassembleShader
  api=13 insize=1905 outsize=4063 ok=1
Cmd: compileSnippet
  api=4 type=0 insize=5207 outsize=1349 kw=DIRECTIONAL_COOKIE pd=UNITY_ENABLE_REFLECTION_BUFFERS UNITY_PBS_USE_BRDF1 UNITY_SPECCUBE_BOX_PROJECTION UNITY_SPECCUBE_BLENDING ok=1
Cmd: disassembleShader
  api=15 insize=1349 outsize=2478 ok=1
Cmd: compileSnippet
  api=1 type=1 insize=5207 outsize=780 kw=POINT pd=UNITY_ENABLE_REFLECTION_BUFFERS UNITY_PBS_USE_BRDF1 UNITY_SPECCUBE_BOX_PROJECTION UNITY_SPECCUBE_BLENDING ok=1
Cmd: disassembleShader
  api=11 insize=780 outsize=1260 ok=1
Cmd: compileSnippet
  api=1 type=1 insize=5207 outsize=488 kw=DIRECTIONAL pd=UNITY_ENABLE_REFLECTION_BUFFERS UNITY_PBS_USE_BRDF1 UNITY_SPECCUBE_BOX_PROJECTION UNITY_SPECCUBE_BLENDING ok=1
Cmd: disassembleShader
  api=11 insize=488 outsize=864 ok=1
Cmd: compileSnippet
  api=8 type=1 insize=5207 outsize=873 kw=DIRECTIONAL pd=UNITY_NO_LINEAR_COLORSPACE UNITY_ENABLE_REFLECTION_BUFFERS UNITY_PBS_USE_BRDF3 ok=1
Cmd: disassembleShader
  api=14 insize=873 outsize=2492 ok=1
Cmd: compileSnippet
  api=4 type=1 insize=5207 outsize=1209 kw=SPOT pd=UNITY_ENABLE_REFLECTION_BUFFERS UNITY_PBS_USE_BRDF1 UNITY_SPECCUBE_BOX_PROJECTION UNITY_SPECCUBE_BLENDING ok=1
Cmd: disassembleShader
  api=17 insize=1209 outsize=2272 ok=1
Cmd: compileSnippet
  api=1 type=1 insize=5207 outsize=876 kw=POINT_COOKIE pd=UNITY_ENABLE_REFLECTION_BUFFERS UNITY_PBS_USE_BRDF1 UNITY_SPECCUBE_BOX_PROJECTION UNITY_SPECCUBE_BLENDING ok=1
Cmd: disassembleShader
  api=11 insize=876 outsize=1393 ok=1
Cmd: compileSnippet
  api=4 type=1 insize=5207 outsize=1057 kw=POINT_COOKIE pd=UNITY_ENABLE_REFLECTION_BUFFERS UNITY_PBS_USE_BRDF1 UNITY_SPECCUBE_BOX_PROJECTION UNITY_SPECCUBE_BLENDING ok=1
Cmd: disassembleShader
  api=17 insize=1057 outsize=2072 ok=1
Cmd: compileSnippet
  api=1 type=1 insize=5207 outsize=704 kw=DIRECTIONAL_COOKIE pd=UNITY_ENABLE_REFLECTION_BUFFERS UNITY_PBS_USE_BRDF1 UNITY_SPECCUBE_BOX_PROJECTION UNITY_SPECCUBE_BLENDING ok=1
Cmd: disassembleShader
  api=11 insize=704 outsize=1171 ok=1
Cmd: compileSnippet
  api=4 type=1 insize=5207 outsize=829 kw=DIRECTIONAL_COOKIE pd=UNITY_ENABLE_REFLECTION_BUFFERS UNITY_PBS_USE_BRDF1 UNITY_SPECCUBE_BOX_PROJECTION UNITY_SPECCUBE_BLENDING ok=1
Cmd: disassembleShader
  api=17 insize=829 outsize=1745 ok=1
